<?xml version="1.0" encoding="UTF-8"?>
<!-- Generated by org.testng.reporters.JUnitReportReporter -->
<testsuite hostname="user-PC" name="tests.SignUpOrSignInTest" tests="1" failures="0" timestamp="29 Oct 2017 19:22:59 GMT" time="3.228" errors="0">
  <testcase name="verifySignUp" time="3.228" classname="tests.SignUpOrSignInTest"/>
</testsuite> <!-- tests.SignUpOrSignInTest -->
